<?xml version="1.0" encoding="UTF-8"?>
<testng-results skipped="0" failed="0" ignored="0" total="1" passed="1">
  <reporter-output>
  </reporter-output>
  <suite name="Default suite" duration-ms="7890" started-at="2019-05-16T10:47:01Z" finished-at="2019-05-16T10:47:09Z">
    <groups>
    </groups>
    <test name="Default test" duration-ms="7890" started-at="2019-05-16T10:47:01Z" finished-at="2019-05-16T10:47:09Z">
      <class name="com.primusbank.tests.PrimusBankBatchTest">
        <test-method status="PASS" signature="launchApp()[pri:0, instance:com.primusbank.tests.PrimusBankBatchTest@6d00a15d]" name="launchApp" is-config="true" duration-ms="7465" started-at="2019-05-16T16:16:54Z" finished-at="2019-05-16T16:17:01Z">
          <reporter-output>
          </reporter-output>
        </test-method> <!-- launchApp -->
        <test-method status="PASS" signature="batchTest()[pri:0, instance:com.primusbank.tests.PrimusBankBatchTest@6d00a15d]" name="batchTest" duration-ms="7866" started-at="2019-05-16T16:17:01Z" finished-at="2019-05-16T16:17:09Z">
          <reporter-output>
          </reporter-output>
        </test-method> <!-- batchTest -->
        <test-method status="PASS" signature="closeApp()[pri:0, instance:com.primusbank.tests.PrimusBankBatchTest@6d00a15d]" name="closeApp" is-config="true" duration-ms="1412" started-at="2019-05-16T16:17:09Z" finished-at="2019-05-16T16:17:11Z">
          <reporter-output>
          </reporter-output>
        </test-method> <!-- closeApp -->
      </class> <!-- com.primusbank.tests.PrimusBankBatchTest -->
    </test> <!-- Default test -->
  </suite> <!-- Default suite -->
</testng-results>
